<?xml version="1.0" encoding="UTF-8"?>
<!-- Generated by org.testng.reporters.JUnitXMLReporter -->
<testsuite ignored="0" hostname="LAPTOP-1R9VMIHE" failures="1" tests="1" name="Test1" time="0.037" errors="0" timestamp="2023-05-24T12:29:24 IST">
  <testcase classname="com.rb.qa.testcases.CustomBusTest" name="custombuses" time="0.0">
    <failure type="org.testng.TestNGException" message="
Parameter &amp;apos;Btype&amp;apos; is required by @Test on method custombuses but has not been marked @Optional or defined
in C:\Users\Raja\eclipse-workspace\RBPOMtest\testng.xml">
      <![CDATA[org.testng.TestNGException: 
Parameter 'Btype' is required by @Test on method custombuses but has not been marked @Optional or defined
in C:\Users\Raja\eclipse-workspace\RBPOMtest\testng.xml
at java.base/java.util.ArrayList.forEach(ArrayList.java:1511)
at java.base/java.util.concurrent.FutureTask.run(FutureTask.java:264)
at java.base/java.util.concurrent.ThreadPoolExecutor.runWorker(ThreadPoolExecutor.java:1136)
at java.base/java.util.concurrent.ThreadPoolExecutor$Worker.run(ThreadPoolExecutor.java:635)
at java.base/java.lang.Thread.run(Thread.java:833)
... Removed 17 stack frames]]>
    </failure>
  </testcase> <!-- custombuses -->
</testsuite> <!-- Test1 -->
