<?xml version="1.0" encoding="UTF-8"?>
<!-- Generated by org.testng.reporters.JUnitXMLReporter -->
<testsuite ignored="1" hostname="LAPTOP-1R9VMIHE" failures="2" tests="2" name="Loan" time="0.063" errors="0" timestamp="2023-05-24T13:57:23 IST">
  <testcase classname="com.rb.qa.testcases.CustomBusTest" name="ride" time="0.023">
    <failure type="java.lang.NullPointerException" message="Cannot invoke &amp;quot;org.openqa.selenium.WebDriver.findElement(org.openqa.selenium.By)&amp;quot; because &amp;quot;com.rb.qa.pages.ryde.driver&amp;quot; is null">
      <![CDATA[java.lang.NullPointerException: Cannot invoke "org.openqa.selenium.WebDriver.findElement(org.openqa.selenium.By)" because "com.rb.qa.pages.ryde.driver" is null
at com.rb.qa.pages.ryde.navigatetotryde(ryde.java:16)
at com.rb.qa.testcases.CustomBusTest.ride(CustomBusTest.java:58)
at java.base/java.util.ArrayList.forEach(ArrayList.java:1511)
... Removed 27 stack frames]]>
    </failure>
  </testcase> <!-- ride -->
  <testcase classname="com.rb.qa.testcases.CustomBusTest" name="train" time="0.0">
    <failure type="java.lang.NullPointerException" message="Cannot invoke &amp;quot;org.openqa.selenium.WebDriver.findElement(org.openqa.selenium.By)&amp;quot; because &amp;quot;com.rb.qa.pages.redrail.driver&amp;quot; is null">
      <![CDATA[java.lang.NullPointerException: Cannot invoke "org.openqa.selenium.WebDriver.findElement(org.openqa.selenium.By)" because "com.rb.qa.pages.redrail.driver" is null
at com.rb.qa.pages.redrail.navigatetoredrail(redrail.java:16)
at com.rb.qa.testcases.CustomBusTest.train(CustomBusTest.java:63)
at java.base/java.util.ArrayList.forEach(ArrayList.java:1511)
... Removed 27 stack frames]]>
    </failure>
  </testcase> <!-- train -->
  <testcase classname="com.rb.qa.testcases.CustomBusTest" name="custombuses" time="0.0">
    <ignored/>
  </testcase> <!-- custombuses -->
</testsuite> <!-- Loan -->
